<?xml version="1.0" encoding="UTF-8"?>
<testsuite xmlns:xsi="http://www.w3.org/2001/XMLSchema-instance" xsi:noNamespaceSchemaLocation="https://maven.apache.org/surefire/maven-surefire-plugin/xsd/surefire-test-report.xsd" name="runnerClasses.CukeRunner" time="11.006" tests="6" errors="0" skipped="0" failures="0">
  <properties>
[...]
</properties>
  <testcase name="Given To initiate Rest service to get country details with code as &quot;AF&quot;" classname="Scenario: To verify Rest service - GET Method" time="0"/>
  <testcase name="Then Response status code should be &quot;200&quot;" classname="Scenario: To verify Rest service - GET Method" time="0"/>
  <testcase name="Then Response status code should be &quot;200&quot;" classname="Scenario: To verify Rest service - GET Method" time="0"/>
  <testcase name="Scenario: To verify Rest service - GET Method" classname="Scenario: To verify Rest service - GET Method" time="0"/>
  <testcase name="Scenario: To verify Rest service - GET Method" classname="Scenario: To verify Rest service - GET Method" time="0"/>
  <testcase name="Given To initiate Rest service to get country details with code as &quot;IN&quot;" classname="Scenario: To verify Rest service - GET Method" time="0"/>
</testsuite>